<?xml version="1.0" encoding="UTF-8"?>
<!-- Generated by org.testng.reporters.JUnitReportReporter -->
<testsuite hostname="ZiyadPc" name="grouptest.TC04_Test4" tests="1" failures="0" timestamp="13 Jun 2015 01:08:56 GMT" time="60.129" errors="0">
  <testcase name="verifyTableData" time="60.129" classname="grouptest.TC04_Test4"/>
</testsuite> <!-- grouptest.TC04_Test4 -->
