<?xml version="1.0" encoding="UTF-8"?>
<!-- Generated by org.testng.reporters.JUnitReportReporter -->
<testsuite hostname="ZiyadPc" name="parameterizetest.TC02_Test2" tests="1" failures="0" timestamp="13 Jun 2015 05:11:07 GMT" time="31.198" errors="0">
  <testcase name="verifySigninSignout" time="31.198" classname="parameterizetest.TC02_Test2"/>
</testsuite> <!-- parameterizetest.TC02_Test2 -->
