<?xml version="1.0" encoding="UTF-8"?>
<!-- Generated by org.testng.reporters.JUnitReportReporter -->
<testsuite hostname="ZiyadPc" name="crossbrowsertest.TC02_Test2" tests="1" failures="0" timestamp="14 Jun 2015 21:46:20 GMT" time="68.690" errors="0">
  <testcase name="verifySigninSignout" time="68.690" classname="crossbrowsertest.TC02_Test2"/>
</testsuite> <!-- crossbrowsertest.TC02_Test2 -->
