<?xml version="1.0" encoding="UTF-8"?>
<!-- Generated by org.testng.reporters.JUnitReportReporter -->
<testsuite hostname="ZiyadPc" name="grouptest.TC01_Test1" tests="1" failures="0" timestamp="13 Jun 2015 01:08:56 GMT" time="14.181" errors="0">
  <testcase name="verifyRegistration" time="14.181" classname="grouptest.TC01_Test1"/>
</testsuite> <!-- grouptest.TC01_Test1 -->
