<?xml version="1.0" encoding="UTF-8"?>
<!-- Generated by org.testng.reporters.JUnitReportReporter -->
<testsuite hostname="ZiyadPc" name="generic.Assignment" tests="1" failures="0" timestamp="27 May 2015 17:10:10 GMT" time="23.220" errors="0">
  <testcase name="verifyLinkText" time="23.220" classname="generic.Assignment"/>
</testsuite> <!-- generic.Assignment -->
