<?xml version="1.0" encoding="UTF-8"?>
<!-- Generated by org.testng.reporters.JUnitReportReporter -->
<testsuite hostname="ZiyadPc" name="homepage.Assignment" tests="1" failures="0" timestamp="29 May 2015 03:24:30 GMT" time="23.293" errors="0">
  <testcase name="printTableData" time="23.293" classname="homepage.Assignment"/>
</testsuite> <!-- homepage.Assignment -->
