<?xml version="1.0" encoding="UTF-8"?>
<!-- Generated by org.testng.reporters.JUnitReportReporter -->
<testsuite hostname="ZiyadPc" name="generic.Base" tests="1" failures="0" timestamp="27 May 2015 16:14:59 GMT" time="51.022" errors="0">
  <testcase name="verifyRegistration" time="51.022" classname="generic.Base"/>
</testsuite> <!-- generic.Base -->
